
Thu Oct 15 2015 11:51:27 GMT+0200 (CEST)

Operating System
  Name                        = Mac OS X
  Version                     = 10.10.5
  Architecture                = 64bit
  # CPUs                      = 4
  Memory                      = 8589934592

Node.js
  Node.js Version             = 0.10.36
  npm Version                 = 2.11.3

Titanium CLI
  CLI Version                 = 4.0.1

Titanium SDK
  SDK Version                 = 5.0.2.GA
  SDK Path                    = /Users/ShaniX/Library/Application Support/Titanium/mobilesdk/osx/5.0.2.GA
  Target Platform             = android

Command
  /usr/local/bin/node /Users/ShaniX/.appcelerator/install/4.1.3/package/node_modules/appc-cli-titanium/node_modules/titanium/bin/titanium build -p android --plugin-paths /Users/ShaniX/.appcelerator/install/4.1.3/package/node_modules --config-file /var/folders/0d/31jyck9s1152rl_f7vx117680000gn/T/build-1444902679625.json --log-level info --no-banner

[INFO]   Auto selecting emulator that closest matches 5.0.1
[DEBUG]  Searching for version >= 5.0.1 and has Google APIs
[DEBUG]  Searching for version >= 5.0.1 and may have Google APIs
[DEBUG]  Searching for version >= 5.0.1 and no Google APIs
[DEBUG]  Searching for version < 5.0.1 and has Google APIs
[INFO]   Auto selected emulator Samsung Galaxy S5 - 4.4.4 - API 19 - 1080x1920 4.4.4
[DEBUG]  Detecting modules in /Users/ShaniX/Library/Application Support/Titanium/modules
[DEBUG]  Detected android module: com.appcelerator.apm 1.1.1 @ /Users/ShaniX/Library/Application Support/Titanium/modules/android/com.appcelerator.apm/1.1.1
[DEBUG]  Detected android module: com.appcelerator.apm 1.1.5 @ /Users/ShaniX/Library/Application Support/Titanium/modules/android/com.appcelerator.apm/1.1.5
[DEBUG]  Detected android module: facebook 4.0.5 @ /Users/ShaniX/Library/Application Support/Titanium/modules/android/facebook/4.0.5
[DEBUG]  Detected android module: ti.cloudpush 3.4.0 @ /Users/ShaniX/Library/Application Support/Titanium/modules/android/ti.cloudpush/3.4.0
[DEBUG]  Detected android module: ti.map 2.3.3 @ /Users/ShaniX/Library/Application Support/Titanium/modules/android/ti.map/2.3.3
[DEBUG]  Detected commonjs module: ti.cloud 3.2.9 @ /Users/ShaniX/Library/Application Support/Titanium/modules/commonjs/ti.cloud/3.2.9
[DEBUG]  Detected iphone module: com.appcelerator.apm 1.1.1 @ /Users/ShaniX/Library/Application Support/Titanium/modules/iphone/com.appcelerator.apm/1.1.1
[DEBUG]  Detected iphone module: com.appcelerator.apm 1.1.5 @ /Users/ShaniX/Library/Application Support/Titanium/modules/iphone/com.appcelerator.apm/1.1.5
[DEBUG]  Detected iphone module: com.appcelerator.urlSession 1.1.1 @ /Users/ShaniX/Library/Application Support/Titanium/modules/iphone/com.appcelerator.urlSession/1.1.1
[DEBUG]  Detected iphone module: facebook 4.0.5 @ /Users/ShaniX/Library/Application Support/Titanium/modules/iphone/facebook/4.0.5
[DEBUG]  Detected iphone module: ti.coremotion 1.1.0 @ /Users/ShaniX/Library/Application Support/Titanium/modules/iphone/ti.coremotion/1.1.0
[DEBUG]  Detected iphone module: ti.map 2.3.3 @ /Users/ShaniX/Library/Application Support/Titanium/modules/iphone/ti.map/2.3.3
[DEBUG]  Detected iphone module: ti.map 2.4.1 @ /Users/ShaniX/Library/Application Support/Titanium/modules/iphone/ti.map/2.4.1
[DEBUG]  Detected iphone module: ti.touchid 1.1.0 @ /Users/ShaniX/Library/Application Support/Titanium/modules/iphone/ti.touchid/1.1.0
[DEBUG]  Detected iphone module: ti.touchid 1.2.0 @ /Users/ShaniX/Library/Application Support/Titanium/modules/iphone/ti.touchid/1.2.0
[DEBUG]  Looking for Titanium module id=ti.cloud version=latest platform=commonjs deploy-type=development
[INFO]   Found Titanium module id=ti.cloud version=3.2.9 platform=commonjs deploy-type=development path=/Users/ShaniX/Library/Application Support/Titanium/modules/commonjs/ti.cloud/3.2.9
[DEBUG]  Detecting plugins in /Users/ShaniX/Desktop/myfoot/plugins
[DEBUG]  Detected plugin: ti.alloy @ /Users/ShaniX/Desktop/myfoot/plugins/ti.alloy
[DEBUG]  Detecting plugins in /Users/ShaniX/Library/Application Support/Titanium/plugins
[DEBUG]  Detected plugin: com.appcelerator.test @ /Users/ShaniX/Library/Application Support/Titanium/plugins/com.appcelerator.test
[DEBUG]  Looking for Titanium plugin id=ti.alloy version=1.0
[INFO]   Found Titanium plugin id=ti.alloy version=1.0 
[DEBUG]  Titanium SDK Android directory: /Users/ShaniX/Library/Application Support/Titanium/mobilesdk/osx/5.0.2.GA/android
[INFO]   Deploy type: development
[INFO]   Building for target: emulator
[INFO]   Building for emulator: Samsung Galaxy S5 - 4.4.4 - API 19 - 1080x1920
[INFO]   Targeting Android SDK: 21
[INFO]   Building for the following architectures: armeabi, armeabi-v7a, x86
[INFO]   Signing with keystore: /Users/ShaniX/Library/Application Support/Titanium/mobilesdk/osx/5.0.2.GA/android/dev_keystore (tidev)
[DEBUG]  App ID: com.myfoot
[DEBUG]  Classname: Myfoot
[INFO]   Debugging disabled
[INFO]   Profiler disabled
[INFO]   Forcing rebuild: /Users/ShaniX/Desktop/myfoot/build/android/build-manifest.json does not exist
[INFO]   Found Alloy app in /Users/ShaniX/Desktop/myfoot/app
[INFO]   Executing Alloy compile: /usr/local/bin/node /Users/ShaniX/.appcelerator/install/4.1.3/package/node_modules/appc-cli-titanium/node_modules/.bin/alloy compile /Users/ShaniX/Desktop/myfoot/app --config platform=android,version=0,simtype=none,devicefamily=none,deploytype=development,target=emulator
[DEBUG]         .__  .__                
[DEBUG]  _____  |  | |  |   ____ ___.__.
[DEBUG]  \__  \ |  | |  |  /  _ <   |  |
[DEBUG]   / __ \|  |_|  |_(  <_> )___  |
[DEBUG]  (____  /____/____/\____// ____|
[DEBUG]       \/                 \/
[DEBUG]  Alloy 1.6.2 by Appcelerator. The MVC app framework for Titanium.
[DEBUG]  
[DEBUG]  ----- CONFIGURATION -----
[DEBUG]  raw config = "platform=android,version=0,simtype=none,devicefamily=none,deploytype=development,target=emulator"
[DEBUG]  platform = android
[DEBUG]  version = 0
[DEBUG]  simtype = none
[DEBUG]  devicefamily = none
[DEBUG]  deploytype = development
[DEBUG]  target = emulator
[DEBUG]  project path = /Users/ShaniX/Desktop/myfoot
[DEBUG]  app path = /Users/ShaniX/Desktop/myfoot/app
[DEBUG]  
[DEBUG]  ----- CONFIG.JSON -----
[DEBUG]  dependencies = {}
[INFO]    [config.json] config.json unchanged, using cached config.json...
[DEBUG]  {
[DEBUG]    "dependencies": {},
[DEBUG]    "sourcemap": true,
[DEBUG]    "autoStyle": false,
[DEBUG]    "adapters": [
[DEBUG]      "localStorage",
[DEBUG]      "properties",
[DEBUG]      "sql"
[DEBUG]    ]
[DEBUG]  }
[DEBUG]  
[DEBUG]  ----- CLEANING RESOURCES -----
[DEBUG]  Removing orphaned controllers ...
[DEBUG]  Removing orphaned models ...
[DEBUG]  Removing orphaned styles ...
[DEBUG]  Removing orphaned sync adapters...
[DEBUG]  Removing orphaned assets and libs...
[DEBUG]  
[DEBUG]  ----- BASE RUNTIME FILES -----
[TRACE]  SRC_DIR=/Users/ShaniX/.appcelerator/install/4.1.3/package/node_modules/appc-cli-titanium/node_modules/alloy/Alloy/lib
[TRACE]  Copying SRC_DIR/alloy/sync/sql.js --> Resources/android/alloy/sync/sql.js
[TRACE]  Copying SRC_DIR/alloy/sync/properties.js --> Resources/android/alloy/sync/properties.js
[TRACE]  Copying SRC_DIR/alloy/sync/localStorage.js --> Resources/android/alloy/sync/localStorage.js
[TRACE]  Copying SRC_DIR/alloy/controllers/BaseController.js --> Resources/android/alloy/controllers/BaseController.js
[TRACE]  Copying SRC_DIR/alloy/widget.js --> Resources/android/alloy/widget.js
[TRACE]  Copying SRC_DIR/alloy/underscore.js --> Resources/android/alloy/underscore.js
[TRACE]  Copying SRC_DIR/alloy.js --> Resources/android/alloy.js
[TRACE]  
[TRACE]  SRC_DIR=/Users/ShaniX/.appcelerator/install/4.1.3/package/node_modules/appc-cli-titanium/node_modules/alloy/Alloy/common
[TRACE]  Copying SRC_DIR/constants.js --> Resources/android/alloy/constants.js
[TRACE]  
[TRACE]  SRC_DIR=/Users/ShaniX/Desktop/myfoot/app/assets
[TRACE]  Copying SRC_DIR/android/appicon.png --> Resources/android/appicon.png
[TRACE]  Copying SRC_DIR/android/default.png --> Resources/android/default.png
[TRACE]  Creating directory Resources/android/images
[TRACE]  Creating directory Resources/android/images/res-long-land-hdpi
[TRACE]  Creating directory Resources/android/images/res-long-land-ldpi
[TRACE]  Creating directory Resources/android/images/res-long-port-hdpi
[TRACE]  Creating directory Resources/android/images/res-long-port-ldpi
[TRACE]  Creating directory Resources/android/images/res-notlong-land-hdpi
[TRACE]  Creating directory Resources/android/images/res-notlong-land-ldpi
[TRACE]  Creating directory Resources/android/images/res-notlong-land-mdpi
[TRACE]  Creating directory Resources/android/images/res-notlong-port-hdpi
[TRACE]  Creating directory Resources/android/images/res-notlong-port-ldpi
[TRACE]  Creating directory Resources/android/images/res-notlong-port-mdpi
[TRACE]  Copying SRC_DIR/android/images/res-long-land-hdpi/default.png --> Resources/android/images/res-long-land-hdpi/default.png
[TRACE]  Copying SRC_DIR/android/images/res-long-land-ldpi/default.png --> Resources/android/images/res-long-land-ldpi/default.png
[TRACE]  Copying SRC_DIR/android/images/res-long-port-hdpi/default.png --> Resources/android/images/res-long-port-hdpi/default.png
[TRACE]  Copying SRC_DIR/android/images/res-long-port-ldpi/default.png --> Resources/android/images/res-long-port-ldpi/default.png
[TRACE]  Copying SRC_DIR/android/images/res-notlong-land-hdpi/default.png --> Resources/android/images/res-notlong-land-hdpi/default.png
[TRACE]  Copying SRC_DIR/android/images/res-notlong-land-ldpi/default.png --> Resources/android/images/res-notlong-land-ldpi/default.png
[TRACE]  Copying SRC_DIR/android/images/res-notlong-land-mdpi/default.png --> Resources/android/images/res-notlong-land-mdpi/default.png
[TRACE]  Copying SRC_DIR/android/images/res-notlong-port-hdpi/default.png --> Resources/android/images/res-notlong-port-hdpi/default.png
[TRACE]  Copying SRC_DIR/android/images/res-notlong-port-ldpi/default.png --> Resources/android/images/res-notlong-port-ldpi/default.png
[TRACE]  Copying SRC_DIR/android/images/res-notlong-port-mdpi/default.png --> Resources/android/images/res-notlong-port-mdpi/default.png
[TRACE]  
[DEBUG]  
[INFO]   ----- MVC GENERATION -----
[INFO]   [global style] loading from cache...
[INFO]   [index.xml] view processing...
[INFO]     style:      "index.tss"
[INFO]     view:       "index.xml"
[INFO]     controller: "index.js"
[TRACE]  - Processing "builtins" module...
[TRACE]  - Processing "optimizer" module...
[TRACE]  - Processing "compress" module...
[INFO]     created:    "Resources/android/alloy/controllers/index.js"
[DEBUG]    map:        "build/map/Resources/android/alloy/controllers/index.js.map"
[INFO]     created:     "Resources/android/alloy/styles/index.js"
[INFO]   
[INFO]   [app.js] Titanium entry point processing...
[TRACE]  - Processing "builtins" module...
[TRACE]  - Processing "optimizer" module...
[TRACE]  - Processing "compress" module...
[INFO]     created:    "Resources/android/app.js"
[DEBUG]    map:        "build/map/Resources/android/app.js.map"
[INFO]   
[INFO]   ----- OPTIMIZING -----
[INFO]   - android/alloy.js
[TRACE]    processing "builtins" module...
[TRACE]    processing "optimizer" module...
[TRACE]    processing "compress" module...
[INFO]   - android/alloy/sync/localStorage.js
[TRACE]    processing "builtins" module...
[TRACE]    processing "optimizer" module...
[TRACE]    processing "compress" module...
[INFO]   - android/alloy/sync/properties.js
[TRACE]    processing "builtins" module...
[TRACE]    processing "optimizer" module...
[TRACE]    processing "compress" module...
[INFO]   - android/alloy/sync/sql.js
[TRACE]    processing "builtins" module...
[TRACE]    processing "optimizer" module...
[TRACE]    processing "compress" module...
[TRACE]   
[TRACE]  Benchmarking
[TRACE]  ------------
[TRACE]  [0.72317s] TOTAL
[INFO]   
[INFO]   Alloy compiled in 0.72317s
[INFO]   Alloy compiler completed successfully
[INFO]   Launching emulator: Samsung Galaxy S5 - 4.4.4 - API 19 - 1080x1920
[TRACE]  Starting emulator: Samsung Galaxy S5 - 4.4.4 - API 19 - 1080x1920
[TRACE]  Checking if emulator Samsung Galaxy S5 - 4.4.4 - API 19 - 1080x1920 is running...
[TRACE]  Detecting if Samsung Galaxy S5 - 4.4.4 - API 19 - 1080x1920 exists...
[TRACE]  Found 1 emulators
[TRACE]  Emulator exists, detecting all running emulators and connected devices...
[TRACE]  Detected 1 running emulators and connected devices
[TRACE]  Checking 1 devices to see if it's the emulator we want
[TRACE]  The emulator is running
[INFO]   Emulator already running
[TRACE]  Checking the boot state for the next 240000 ms
[TRACE]  Waiting for emulator to register with ADB
[TRACE]  Emulator process started
[DEBUG]  Copying /Users/ShaniX/Desktop/myfoot/Resources
[DEBUG]  Ignoring /Users/ShaniX/Desktop/myfoot/Resources/android
[DEBUG]  Ignoring /Users/ShaniX/Desktop/myfoot/Resources/iphone
[DEBUG]  Copying /Users/ShaniX/Desktop/myfoot/Resources/android
[DEBUG]  Symlinking /Users/ShaniX/Desktop/myfoot/Resources/android/appicon.png => /Users/ShaniX/Desktop/myfoot/build/android/bin/assets/Resources/appicon.png
[DEBUG]  Symlinking /Users/ShaniX/Desktop/myfoot/Resources/android/default.png => /Users/ShaniX/Desktop/myfoot/build/android/res/drawable/background.png
[DEBUG]  Symlinking /Users/ShaniX/Desktop/myfoot/Resources/android/images/res-long-land-hdpi/default.png => /Users/ShaniX/Desktop/myfoot/build/android/res/drawable-long-land-hdpi/background.png
[DEBUG]  Symlinking /Users/ShaniX/Desktop/myfoot/Resources/android/images/res-long-land-ldpi/default.png => /Users/ShaniX/Desktop/myfoot/build/android/res/drawable-long-land-ldpi/background.png
[DEBUG]  Symlinking /Users/ShaniX/Desktop/myfoot/Resources/android/images/res-long-port-hdpi/default.png => /Users/ShaniX/Desktop/myfoot/build/android/res/drawable-long-port-hdpi/background.png
[DEBUG]  Symlinking /Users/ShaniX/Desktop/myfoot/Resources/android/images/res-long-port-ldpi/default.png => /Users/ShaniX/Desktop/myfoot/build/android/res/drawable-long-port-ldpi/background.png
[DEBUG]  Symlinking /Users/ShaniX/Desktop/myfoot/Resources/android/images/res-notlong-land-hdpi/default.png => /Users/ShaniX/Desktop/myfoot/build/android/res/drawable-notlong-land-hdpi/background.png
[DEBUG]  Symlinking /Users/ShaniX/Desktop/myfoot/Resources/android/images/res-notlong-land-ldpi/default.png => /Users/ShaniX/Desktop/myfoot/build/android/res/drawable-notlong-land-ldpi/background.png
[DEBUG]  Symlinking /Users/ShaniX/Desktop/myfoot/Resources/android/images/res-notlong-land-mdpi/default.png => /Users/ShaniX/Desktop/myfoot/build/android/res/drawable-notlong-land-mdpi/background.png
[DEBUG]  Symlinking /Users/ShaniX/Desktop/myfoot/Resources/android/images/res-notlong-port-hdpi/default.png => /Users/ShaniX/Desktop/myfoot/build/android/res/drawable-notlong-port-hdpi/background.png
[DEBUG]  Symlinking /Users/ShaniX/Desktop/myfoot/Resources/android/images/res-notlong-port-ldpi/default.png => /Users/ShaniX/Desktop/myfoot/build/android/res/drawable-notlong-port-ldpi/background.png
[DEBUG]  Symlinking /Users/ShaniX/Desktop/myfoot/Resources/android/images/res-notlong-port-mdpi/default.png => /Users/ShaniX/Desktop/myfoot/build/android/res/drawable-notlong-port-mdpi/background.png
[DEBUG]  Copying /Users/ShaniX/Library/Application Support/Titanium/modules/commonjs/ti.cloud/3.2.9/ti.cloud.js
[DEBUG]  Copying /Users/ShaniX/Library/Application Support/Titanium/modules/commonjs/ti.cloud/3.2.9/assets
[DEBUG]  Symlinking /Users/ShaniX/Desktop/myfoot/platform/android/res/drawable-hdpi/appicon.png => /Users/ShaniX/Desktop/myfoot/build/android/res/drawable-hdpi/appicon.png
[DEBUG]  Symlinking /Users/ShaniX/Desktop/myfoot/platform/android/res/drawable-ldpi/appicon.png => /Users/ShaniX/Desktop/myfoot/build/android/res/drawable-ldpi/appicon.png
[DEBUG]  Symlinking /Users/ShaniX/Desktop/myfoot/platform/android/res/drawable-mdpi/appicon.png => /Users/ShaniX/Desktop/myfoot/build/android/res/drawable-mdpi/appicon.png
[DEBUG]  Symlinking /Users/ShaniX/Desktop/myfoot/platform/android/res/drawable-xhdpi/appicon.png => /Users/ShaniX/Desktop/myfoot/build/android/res/drawable-xhdpi/appicon.png
[DEBUG]  Symlinking /Users/ShaniX/Desktop/myfoot/platform/android/res/drawable-xxhdpi/appicon.png => /Users/ShaniX/Desktop/myfoot/build/android/res/drawable-xxhdpi/appicon.png
[DEBUG]  Symlinking /Users/ShaniX/Desktop/myfoot/platform/android/res/drawable-xxxhdpi/appicon.png => /Users/ShaniX/Desktop/myfoot/build/android/res/drawable-xxxhdpi/appicon.png
[DEBUG]  Symlinking /Users/ShaniX/Desktop/myfoot/build/android/bin/assets/Resources/appicon.png => /Users/ShaniX/Desktop/myfoot/build/android/res/drawable/appicon.png
[INFO]   Processing JavaScript files
[DEBUG]  Symlinking /Users/ShaniX/Desktop/myfoot/Resources/alloy/CFG.js => /Users/ShaniX/Desktop/myfoot/build/android/bin/assets/Resources/alloy/CFG.js
[DEBUG]  Symlinking /Users/ShaniX/Desktop/myfoot/Resources/android/app.js => /Users/ShaniX/Desktop/myfoot/build/android/bin/assets/Resources/app.js
[DEBUG]  Symlinking /Users/ShaniX/Desktop/myfoot/Resources/android/alloy/backbone.js => /Users/ShaniX/Desktop/myfoot/build/android/bin/assets/Resources/alloy/backbone.js
[DEBUG]  Symlinking /Users/ShaniX/Desktop/myfoot/Resources/android/alloy/constants.js => /Users/ShaniX/Desktop/myfoot/build/android/bin/assets/Resources/alloy/constants.js
[DEBUG]  Symlinking /Users/ShaniX/Desktop/myfoot/Resources/android/alloy/controllers/BaseController.js => /Users/ShaniX/Desktop/myfoot/build/android/bin/assets/Resources/alloy/controllers/BaseController.js
[DEBUG]  Symlinking /Users/ShaniX/Desktop/myfoot/Resources/android/alloy/controllers/index.js => /Users/ShaniX/Desktop/myfoot/build/android/bin/assets/Resources/alloy/controllers/index.js
[DEBUG]  Symlinking /Users/ShaniX/Desktop/myfoot/Resources/android/alloy/styles/index.js => /Users/ShaniX/Desktop/myfoot/build/android/bin/assets/Resources/alloy/styles/index.js
[DEBUG]  Symlinking /Users/ShaniX/Desktop/myfoot/Resources/android/alloy/sync/localStorage.js => /Users/ShaniX/Desktop/myfoot/build/android/bin/assets/Resources/alloy/sync/localStorage.js
[DEBUG]  Symlinking /Users/ShaniX/Desktop/myfoot/Resources/android/alloy/sync/properties.js => /Users/ShaniX/Desktop/myfoot/build/android/bin/assets/Resources/alloy/sync/properties.js
[TRACE]  Found 1 devices, checking if any of them are the emulator...
[TRACE]  Emulator is running!
[TRACE]  Checking if boot animation has finished...
[DEBUG]  Symlinking /Users/ShaniX/Desktop/myfoot/Resources/android/alloy/sync/sql.js => /Users/ShaniX/Desktop/myfoot/build/android/bin/assets/Resources/alloy/sync/sql.js
[DEBUG]  Symlinking /Users/ShaniX/Desktop/myfoot/Resources/android/alloy/underscore.js => /Users/ShaniX/Desktop/myfoot/build/android/bin/assets/Resources/alloy/underscore.js
[DEBUG]  Symlinking /Users/ShaniX/Desktop/myfoot/Resources/android/alloy/widget.js => /Users/ShaniX/Desktop/myfoot/build/android/bin/assets/Resources/alloy/widget.js
[DEBUG]  Symlinking /Users/ShaniX/Desktop/myfoot/Resources/android/alloy.js => /Users/ShaniX/Desktop/myfoot/build/android/bin/assets/Resources/alloy.js
[DEBUG]  Symlinking /Users/ShaniX/Library/Application Support/Titanium/modules/commonjs/ti.cloud/3.2.9/ti.cloud.js => /Users/ShaniX/Desktop/myfoot/build/android/bin/assets/Resources/ti.cloud.js
[TRACE]  Emulator is booted, emitting booted event
[INFO]   Emulator is booted
[INFO]   SD card not required, skipping mount check
[INFO]   Emulator ready!
[DEBUG]  Adding library /Users/ShaniX/Library/Application Support/Titanium/mobilesdk/osx/5.0.2.GA/android/kroll-v8.jar
[DEBUG]  Adding library /Users/ShaniX/Library/Application Support/Titanium/mobilesdk/osx/5.0.2.GA/android/modules/titanium-analytics.jar
[DEBUG]  Adding dependency library /Users/ShaniX/Library/Application Support/Titanium/mobilesdk/osx/5.0.2.GA/android/aps-analytics.jar
[DEBUG]  Adding library /Users/ShaniX/Library/Application Support/Titanium/mobilesdk/osx/5.0.2.GA/android/modules/titanium-android.jar
[DEBUG]  Adding dependency library /Users/ShaniX/Library/Application Support/Titanium/mobilesdk/osx/5.0.2.GA/android/jaxen-1.1.1.jar
[DEBUG]  Adding dependency library /Users/ShaniX/Library/Application Support/Titanium/mobilesdk/osx/5.0.2.GA/android/ti-commons-codec-1.3.jar
[DEBUG]  Adding dependency library /Users/ShaniX/Library/Application Support/Titanium/mobilesdk/osx/5.0.2.GA/android/kroll-common.jar
[DEBUG]  Adding dependency library /Users/ShaniX/Library/Application Support/Titanium/mobilesdk/osx/5.0.2.GA/android/titanium.jar
[DEBUG]  Adding library /Users/ShaniX/Library/Application Support/Titanium/mobilesdk/osx/5.0.2.GA/android/modules/titanium-app.jar
[DEBUG]  Adding library /Users/ShaniX/Library/Application Support/Titanium/mobilesdk/osx/5.0.2.GA/android/modules/titanium-ui.jar
[DEBUG]  Adding dependency library /Users/ShaniX/Library/Application Support/Titanium/mobilesdk/osx/5.0.2.GA/android/nineoldandroids-appc-2.4.0.jar
[DEBUG]  Adding library /Users/ShaniX/Library/Application Support/Titanium/mobilesdk/osx/5.0.2.GA/android/modules/titanium-filesystem.jar
[DEBUG]  Adding library /Users/ShaniX/Library/Application Support/Titanium/mobilesdk/osx/5.0.2.GA/android/modules/titanium-media.jar
[DEBUG]  Adding library /Users/ShaniX/Library/Application Support/Titanium/mobilesdk/osx/5.0.2.GA/android/modules/titanium-appcompat.jar
[DEBUG]  Adding dependency library /Users/ShaniX/Library/Application Support/Titanium/mobilesdk/osx/5.0.2.GA/android/android-support-v4.jar
[DEBUG]  Adding dependency library /Users/ShaniX/Library/Application Support/Titanium/mobilesdk/osx/5.0.2.GA/android/android-support-v7-appcompat.jar
[DEBUG]  Adding library /Users/ShaniX/Library/Application Support/Titanium/mobilesdk/osx/5.0.2.GA/android/modules/titanium-locale.jar
[DEBUG]  Adding library /Users/ShaniX/Library/Application Support/Titanium/mobilesdk/osx/5.0.2.GA/android/modules/titanium-network.jar
[DEBUG]  Adding library /Users/ShaniX/Library/Application Support/Titanium/mobilesdk/osx/5.0.2.GA/android/modules/titanium-xml.jar
[DEBUG]  Adding library /Users/ShaniX/Library/Application Support/Titanium/mobilesdk/osx/5.0.2.GA/android/modules/titanium-utils.jar
[DEBUG]  Adding library /Users/ShaniX/Library/Application Support/Titanium/mobilesdk/osx/5.0.2.GA/android/modules/titanium-geolocation.jar
[DEBUG]  Adding library /Users/ShaniX/Library/Application Support/Titanium/mobilesdk/osx/5.0.2.GA/android/modules/titanium-accelerometer.jar
[DEBUG]  Adding library /Users/ShaniX/Library/Application Support/Titanium/mobilesdk/osx/5.0.2.GA/android/modules/titanium-contacts.jar
[DEBUG]  Adding library /Users/ShaniX/Library/Application Support/Titanium/mobilesdk/osx/5.0.2.GA/android/modules/titanium-map.jar
[DEBUG]  Adding library /Users/ShaniX/Library/Application Support/Titanium/mobilesdk/osx/5.0.2.GA/android/modules/titanium-gesture.jar
[DEBUG]  Adding library /Users/ShaniX/Library/Application Support/Titanium/mobilesdk/osx/5.0.2.GA/android/modules/titanium-calendar.jar
[DEBUG]  Adding library /Users/ShaniX/Library/Application Support/Titanium/mobilesdk/osx/5.0.2.GA/android/modules/titanium-platform.jar
[DEBUG]  Adding library /Users/ShaniX/Library/Application Support/Titanium/mobilesdk/osx/5.0.2.GA/android/modules/titanium-database.jar
[DEBUG]  Unknown namespace app.deploytype, skipping
[DEBUG]  Unknown namespace api, skipping
[DEBUG]  Unknown namespace platform.displaycaps, skipping
[DEBUG]  Unknown namespace ui.ios, skipping
[INFO]   Writing /Users/ShaniX/Desktop/myfoot/build/android/bin/assets/app.json
[INFO]   Extracting module resources: /Users/ShaniX/Library/Application Support/Titanium/mobilesdk/osx/5.0.2.GA/android/modules/titanium-analytics.res.zip
[DEBUG]  Copying /var/folders/0d/31jyck9s1152rl_f7vx117680000gn/T/115915-24203-r3vcd6/res/values/strings.xml => /Users/ShaniX/Desktop/myfoot/build/android/res/values/strings.xml
[INFO]   Extracting module resources: /Users/ShaniX/Library/Application Support/Titanium/mobilesdk/osx/5.0.2.GA/android/modules/titanium-android.res.zip
[DEBUG]  Merging /var/folders/0d/31jyck9s1152rl_f7vx117680000gn/T/115915-24203-19oos94/res/values/strings.xml => /Users/ShaniX/Desktop/myfoot/build/android/res/values/strings.xml
[INFO]   Extracting module resources: /Users/ShaniX/Library/Application Support/Titanium/mobilesdk/osx/5.0.2.GA/android/modules/titanium-app.res.zip
[DEBUG]  Merging /var/folders/0d/31jyck9s1152rl_f7vx117680000gn/T/115915-24203-1hhg8fq/res/values/strings.xml => /Users/ShaniX/Desktop/myfoot/build/android/res/values/strings.xml
[INFO]   Extracting module resources: /Users/ShaniX/Library/Application Support/Titanium/mobilesdk/osx/5.0.2.GA/android/modules/titanium-filesystem.res.zip
[DEBUG]  Merging /var/folders/0d/31jyck9s1152rl_f7vx117680000gn/T/115915-24203-4eop2r/res/values/strings.xml => /Users/ShaniX/Desktop/myfoot/build/android/res/values/strings.xml
[INFO]   Extracting module resources: /Users/ShaniX/Library/Application Support/Titanium/mobilesdk/osx/5.0.2.GA/android/modules/titanium-media.res.zip
[DEBUG]  Merging /var/folders/0d/31jyck9s1152rl_f7vx117680000gn/T/115915-24203-13q2dfs/res/values/strings.xml => /Users/ShaniX/Desktop/myfoot/build/android/res/values/strings.xml
[INFO]   Extracting module resources: /Users/ShaniX/Library/Application Support/Titanium/mobilesdk/osx/5.0.2.GA/android/modules/titanium-locale.res.zip
[DEBUG]  Merging /var/folders/0d/31jyck9s1152rl_f7vx117680000gn/T/115915-24203-1er0i0n/res/values/strings.xml => /Users/ShaniX/Desktop/myfoot/build/android/res/values/strings.xml
[INFO]   Extracting module resources: /Users/ShaniX/Library/Application Support/Titanium/mobilesdk/osx/5.0.2.GA/android/modules/titanium-network.res.zip
[DEBUG]  Merging /var/folders/0d/31jyck9s1152rl_f7vx117680000gn/T/115915-24203-nb1moa/res/values/strings.xml => /Users/ShaniX/Desktop/myfoot/build/android/res/values/strings.xml
[INFO]   Extracting module resources: /Users/ShaniX/Library/Application Support/Titanium/mobilesdk/osx/5.0.2.GA/android/modules/titanium-xml.res.zip
[DEBUG]  Merging /var/folders/0d/31jyck9s1152rl_f7vx117680000gn/T/115915-24203-fltjh3/res/values/strings.xml => /Users/ShaniX/Desktop/myfoot/build/android/res/values/strings.xml
[INFO]   Extracting module resources: /Users/ShaniX/Library/Application Support/Titanium/mobilesdk/osx/5.0.2.GA/android/modules/titanium-utils.res.zip
[DEBUG]  Merging /var/folders/0d/31jyck9s1152rl_f7vx117680000gn/T/115915-24203-cq0mp9/res/values/strings.xml => /Users/ShaniX/Desktop/myfoot/build/android/res/values/strings.xml
[INFO]   Extracting module resources: /Users/ShaniX/Library/Application Support/Titanium/mobilesdk/osx/5.0.2.GA/android/modules/titanium-geolocation.res.zip
[DEBUG]  Merging /var/folders/0d/31jyck9s1152rl_f7vx117680000gn/T/115915-24203-j23o3z/res/values/strings.xml => /Users/ShaniX/Desktop/myfoot/build/android/res/values/strings.xml
[INFO]   Extracting module resources: /Users/ShaniX/Library/Application Support/Titanium/mobilesdk/osx/5.0.2.GA/android/modules/titanium-accelerometer.res.zip
[DEBUG]  Merging /var/folders/0d/31jyck9s1152rl_f7vx117680000gn/T/115915-24203-sr769/res/values/strings.xml => /Users/ShaniX/Desktop/myfoot/build/android/res/values/strings.xml
[INFO]   Extracting module resources: /Users/ShaniX/Library/Application Support/Titanium/mobilesdk/osx/5.0.2.GA/android/modules/titanium-contacts.res.zip
[DEBUG]  Merging /var/folders/0d/31jyck9s1152rl_f7vx117680000gn/T/115915-24203-1b0fqv7/res/values/strings.xml => /Users/ShaniX/Desktop/myfoot/build/android/res/values/strings.xml
[INFO]   Extracting module resources: /Users/ShaniX/Library/Application Support/Titanium/mobilesdk/osx/5.0.2.GA/android/modules/titanium-map.res.zip
[DEBUG]  Merging /var/folders/0d/31jyck9s1152rl_f7vx117680000gn/T/115915-24203-1a9g9hu/res/values/strings.xml => /Users/ShaniX/Desktop/myfoot/build/android/res/values/strings.xml
[INFO]   Extracting module resources: /Users/ShaniX/Library/Application Support/Titanium/mobilesdk/osx/5.0.2.GA/android/modules/titanium-gesture.res.zip
[DEBUG]  Merging /var/folders/0d/31jyck9s1152rl_f7vx117680000gn/T/115915-24203-1qz5b15/res/values/strings.xml => /Users/ShaniX/Desktop/myfoot/build/android/res/values/strings.xml
[INFO]   Extracting module resources: /Users/ShaniX/Library/Application Support/Titanium/mobilesdk/osx/5.0.2.GA/android/modules/titanium-calendar.res.zip
[DEBUG]  Merging /var/folders/0d/31jyck9s1152rl_f7vx117680000gn/T/115915-24203-gtpm88/res/values/strings.xml => /Users/ShaniX/Desktop/myfoot/build/android/res/values/strings.xml
[INFO]   Extracting module resources: /Users/ShaniX/Library/Application Support/Titanium/mobilesdk/osx/5.0.2.GA/android/modules/titanium-platform.res.zip
[DEBUG]  Merging /var/folders/0d/31jyck9s1152rl_f7vx117680000gn/T/115915-24203-165fz0i/res/values/strings.xml => /Users/ShaniX/Desktop/myfoot/build/android/res/values/strings.xml
[INFO]   Extracting module resources: /Users/ShaniX/Library/Application Support/Titanium/mobilesdk/osx/5.0.2.GA/android/modules/titanium-database.res.zip
[DEBUG]  Merging /var/folders/0d/31jyck9s1152rl_f7vx117680000gn/T/115915-24203-sanfps/res/values/strings.xml => /Users/ShaniX/Desktop/myfoot/build/android/res/values/strings.xml
[DEBUG]  Copying template /Users/ShaniX/Library/Application Support/Titanium/mobilesdk/osx/5.0.2.GA/android/templates/build/AppInfo.java => /Users/ShaniX/Desktop/myfoot/build/android/gen/com/myfoot/MyfootAppInfo.java
[DEBUG]  Copying template /Users/ShaniX/Library/Application Support/Titanium/mobilesdk/osx/5.0.2.GA/android/templates/build/App.java => /Users/ShaniX/Desktop/myfoot/build/android/gen/com/myfoot/MyfootApplication.java
[DEBUG]  Copying template /Users/ShaniX/Library/Application Support/Titanium/mobilesdk/osx/5.0.2.GA/android/templates/build/Activity.java => /Users/ShaniX/Desktop/myfoot/build/android/gen/com/myfoot/MyfootActivity.java
[DEBUG]  Copying template /Users/ShaniX/Library/Application Support/Titanium/mobilesdk/osx/5.0.2.GA/android/templates/build/project => /Users/ShaniX/Desktop/myfoot/build/android/.project
[DEBUG]  Copying template /Users/ShaniX/Library/Application Support/Titanium/mobilesdk/osx/5.0.2.GA/android/templates/build/default.properties => /Users/ShaniX/Desktop/myfoot/build/android/default.properties
[DEBUG]  Copying /Users/ShaniX/Library/Application Support/Titanium/mobilesdk/osx/5.0.2.GA/android/templates/build/gitignore => /Users/ShaniX/Desktop/myfoot/build/android/.gitignore
[DEBUG]  Copying /Users/ShaniX/Library/Application Support/Titanium/mobilesdk/osx/5.0.2.GA/android/templates/build/classpath => /Users/ShaniX/Desktop/myfoot/build/android/.classpath
[INFO]   No aidl files to compile, continuing
[INFO]   Generating i18n files
[DEBUG]  Merging en strings => /Users/ShaniX/Desktop/myfoot/build/android/res/values/strings.xml
[INFO]   Generating /Users/ShaniX/Desktop/myfoot/build/android/res/values/theme.xml
[INFO]   Packaging application: /Users/ShaniX/android-sdk-macosx/build-tools/22.0.1/aapt "package" "-f" "-m" "-J" "/Users/ShaniX/Desktop/myfoot/build/android/gen" "-M" "/Users/ShaniX/Desktop/myfoot/build/android/AndroidManifest.xml" "-A" "/Users/ShaniX/Desktop/myfoot/build/android/bin/assets" "-S" "/Users/ShaniX/Desktop/myfoot/build/android/res" "-I" "/Users/ShaniX/android-sdk-macosx/platforms/android-21/android.jar" "-F" "/Users/ShaniX/Desktop/myfoot/build/android/bin/app.ap_" "--auto-add-overlay" "--extra-packages" "ti.modules.titanium.ui:android.support.v7.appcompat" "-S" "/var/folders/0d/31jyck9s1152rl_f7vx117680000gn/T/115915-24203-1xy8o6n/res" "-S" "/var/folders/0d/31jyck9s1152rl_f7vx117680000gn/T/115915-24203-1qwyz6p/res"
[INFO]   Building Java source files: /Library/Java/JavaVirtualMachines/jdk1.7.0_79.jdk/Contents/Home/bin/javac "-J-Xmx256M" "-encoding" "utf8" "-bootclasspath" "/Users/ShaniX/android-sdk-macosx/platforms/android-21/android.jar:/Users/ShaniX/Library/Application Support/Titanium/mobilesdk/osx/5.0.2.GA/android/kroll-v8.jar:/Users/ShaniX/Library/Application Support/Titanium/mobilesdk/osx/5.0.2.GA/android/modules/titanium-analytics.jar:/Users/ShaniX/Library/Application Support/Titanium/mobilesdk/osx/5.0.2.GA/android/aps-analytics.jar:/Users/ShaniX/Library/Application Support/Titanium/mobilesdk/osx/5.0.2.GA/android/modules/titanium-android.jar:/Users/ShaniX/Library/Application Support/Titanium/mobilesdk/osx/5.0.2.GA/android/jaxen-1.1.1.jar:/Users/ShaniX/Library/Application Support/Titanium/mobilesdk/osx/5.0.2.GA/android/ti-commons-codec-1.3.jar:/Users/ShaniX/Library/Application Support/Titanium/mobilesdk/osx/5.0.2.GA/android/kroll-common.jar:/Users/ShaniX/Library/Application Support/Titanium/mobilesdk/osx/5.0.2.GA/android/titanium.jar:/Users/ShaniX/Library/Application Support/Titanium/mobilesdk/osx/5.0.2.GA/android/modules/titanium-app.jar:/Users/ShaniX/Library/Application Support/Titanium/mobilesdk/osx/5.0.2.GA/android/modules/titanium-ui.jar:/Users/ShaniX/Library/Application Support/Titanium/mobilesdk/osx/5.0.2.GA/android/nineoldandroids-appc-2.4.0.jar:/Users/ShaniX/Library/Application Support/Titanium/mobilesdk/osx/5.0.2.GA/android/modules/titanium-filesystem.jar:/Users/ShaniX/Library/Application Support/Titanium/mobilesdk/osx/5.0.2.GA/android/modules/titanium-media.jar:/Users/ShaniX/Library/Application Support/Titanium/mobilesdk/osx/5.0.2.GA/android/modules/titanium-appcompat.jar:/Users/ShaniX/Library/Application Support/Titanium/mobilesdk/osx/5.0.2.GA/android/android-support-v4.jar:/Users/ShaniX/Library/Application Support/Titanium/mobilesdk/osx/5.0.2.GA/android/android-support-v7-appcompat.jar:/Users/ShaniX/Library/Application Support/Titanium/mobilesdk/osx/5.0.2.GA/android/modules/titanium-locale.jar:/Users/ShaniX/Library/Application Support/Titanium/mobilesdk/osx/5.0.2.GA/android/modules/titanium-network.jar:/Users/ShaniX/Library/Application Support/Titanium/mobilesdk/osx/5.0.2.GA/android/modules/titanium-xml.jar:/Users/ShaniX/Library/Application Support/Titanium/mobilesdk/osx/5.0.2.GA/android/modules/titanium-utils.jar:/Users/ShaniX/Library/Application Support/Titanium/mobilesdk/osx/5.0.2.GA/android/modules/titanium-geolocation.jar:/Users/ShaniX/Library/Application Support/Titanium/mobilesdk/osx/5.0.2.GA/android/modules/titanium-accelerometer.jar:/Users/ShaniX/Library/Application Support/Titanium/mobilesdk/osx/5.0.2.GA/android/modules/titanium-contacts.jar:/Users/ShaniX/Library/Application Support/Titanium/mobilesdk/osx/5.0.2.GA/android/modules/titanium-map.jar:/Users/ShaniX/Library/Application Support/Titanium/mobilesdk/osx/5.0.2.GA/android/modules/titanium-gesture.jar:/Users/ShaniX/Library/Application Support/Titanium/mobilesdk/osx/5.0.2.GA/android/modules/titanium-calendar.jar:/Users/ShaniX/Library/Application Support/Titanium/mobilesdk/osx/5.0.2.GA/android/modules/titanium-platform.jar:/Users/ShaniX/Library/Application Support/Titanium/mobilesdk/osx/5.0.2.GA/android/modules/titanium-database.jar:/Users/ShaniX/Library/Application Support/Titanium/mobilesdk/osx/5.0.2.GA/android/lib/titanium-verify.jar:R.class:MyfootActivity.class:MyfootAppInfo.class:MyfootApplication.class" "-d" "/Users/ShaniX/Desktop/myfoot/build/android/bin/classes" "-proc:none" "-target" "1.6" "-source" "1.6" "@/Users/ShaniX/Desktop/myfoot/build/android/java-sources.txt"
[INFO]   Running dexer: /Library/Java/JavaVirtualMachines/jdk1.7.0_79.jdk/Contents/Home/bin/java "-Xmx1024M" "-XX:-UseGCOverheadLimit" "-Djava.ext.dirs=/Users/ShaniX/android-sdk-macosx/platform-tools" "-jar" "/Users/ShaniX/android-sdk-macosx/build-tools/22.0.1/lib/dx.jar" "--dex" "--output=/Users/ShaniX/Desktop/myfoot/build/android/bin/classes.dex" "/Users/ShaniX/Desktop/myfoot/build/android/bin/classes" "/Users/ShaniX/Library/Application Support/Titanium/mobilesdk/osx/5.0.2.GA/android/lib/titanium-verify.jar" "/Users/ShaniX/Library/Application Support/Titanium/mobilesdk/osx/5.0.2.GA/android/kroll-v8.jar" "/Users/ShaniX/Library/Application Support/Titanium/mobilesdk/osx/5.0.2.GA/android/modules/titanium-analytics.jar" "/Users/ShaniX/Library/Application Support/Titanium/mobilesdk/osx/5.0.2.GA/android/aps-analytics.jar" "/Users/ShaniX/Library/Application Support/Titanium/mobilesdk/osx/5.0.2.GA/android/modules/titanium-android.jar" "/Users/ShaniX/Library/Application Support/Titanium/mobilesdk/osx/5.0.2.GA/android/jaxen-1.1.1.jar" "/Users/ShaniX/Library/Application Support/Titanium/mobilesdk/osx/5.0.2.GA/android/ti-commons-codec-1.3.jar" "/Users/ShaniX/Library/Application Support/Titanium/mobilesdk/osx/5.0.2.GA/android/kroll-common.jar" "/Users/ShaniX/Library/Application Support/Titanium/mobilesdk/osx/5.0.2.GA/android/titanium.jar" "/Users/ShaniX/Library/Application Support/Titanium/mobilesdk/osx/5.0.2.GA/android/modules/titanium-app.jar" "/Users/ShaniX/Library/Application Support/Titanium/mobilesdk/osx/5.0.2.GA/android/modules/titanium-ui.jar" "/Users/ShaniX/Library/Application Support/Titanium/mobilesdk/osx/5.0.2.GA/android/nineoldandroids-appc-2.4.0.jar" "/Users/ShaniX/Library/Application Support/Titanium/mobilesdk/osx/5.0.2.GA/android/modules/titanium-filesystem.jar" "/Users/ShaniX/Library/Application Support/Titanium/mobilesdk/osx/5.0.2.GA/android/modules/titanium-media.jar" "/Users/ShaniX/Library/Application Support/Titanium/mobilesdk/osx/5.0.2.GA/android/modules/titanium-appcompat.jar" "/Users/ShaniX/Library/Application Support/Titanium/mobilesdk/osx/5.0.2.GA/android/android-support-v4.jar" "/Users/ShaniX/Library/Application Support/Titanium/mobilesdk/osx/5.0.2.GA/android/android-support-v7-appcompat.jar" "/Users/ShaniX/Library/Application Support/Titanium/mobilesdk/osx/5.0.2.GA/android/modules/titanium-locale.jar" "/Users/ShaniX/Library/Application Support/Titanium/mobilesdk/osx/5.0.2.GA/android/modules/titanium-network.jar" "/Users/ShaniX/Library/Application Support/Titanium/mobilesdk/osx/5.0.2.GA/android/modules/titanium-xml.jar" "/Users/ShaniX/Library/Application Support/Titanium/mobilesdk/osx/5.0.2.GA/android/modules/titanium-utils.jar" "/Users/ShaniX/Library/Application Support/Titanium/mobilesdk/osx/5.0.2.GA/android/modules/titanium-geolocation.jar" "/Users/ShaniX/Library/Application Support/Titanium/mobilesdk/osx/5.0.2.GA/android/modules/titanium-accelerometer.jar" "/Users/ShaniX/Library/Application Support/Titanium/mobilesdk/osx/5.0.2.GA/android/modules/titanium-contacts.jar" "/Users/ShaniX/Library/Application Support/Titanium/mobilesdk/osx/5.0.2.GA/android/modules/titanium-map.jar" "/Users/ShaniX/Library/Application Support/Titanium/mobilesdk/osx/5.0.2.GA/android/modules/titanium-gesture.jar" "/Users/ShaniX/Library/Application Support/Titanium/mobilesdk/osx/5.0.2.GA/android/modules/titanium-calendar.jar" "/Users/ShaniX/Library/Application Support/Titanium/mobilesdk/osx/5.0.2.GA/android/modules/titanium-platform.jar" "/Users/ShaniX/Library/Application Support/Titanium/mobilesdk/osx/5.0.2.GA/android/modules/titanium-database.jar"
[INFO]   Creating unsigned apk
[DEBUG]  Processing /Users/ShaniX/Desktop/myfoot/build/android/bin/app.ap_
[DEBUG]  Deflating AndroidManifest.xml
[DEBUG]  Deflating assets/Resources/_app_props_.json
[DEBUG]  Deflating assets/Resources/alloy.js
[DEBUG]  Deflating assets/Resources/alloy/CFG.js
[DEBUG]  Deflating assets/Resources/alloy/backbone.js
[DEBUG]  Deflating assets/Resources/alloy/constants.js
[DEBUG]  Deflating assets/Resources/alloy/controllers/BaseController.js
[DEBUG]  Deflating assets/Resources/alloy/controllers/index.js
[DEBUG]  Deflating assets/Resources/alloy/styles/index.js
[DEBUG]  Deflating assets/Resources/alloy/sync/localStorage.js
[DEBUG]  Deflating assets/Resources/alloy/sync/properties.js
[DEBUG]  Deflating assets/Resources/alloy/sync/sql.js
[DEBUG]  Deflating assets/Resources/alloy/underscore.js
[DEBUG]  Deflating assets/Resources/alloy/widget.js
[DEBUG]  Deflating assets/Resources/app.js
[DEBUG]  Adding assets/Resources/appicon.png
[DEBUG]  Deflating assets/Resources/ti.cloud.js
[DEBUG]  Deflating assets/app.json
[DEBUG]  Deflating assets/index.json
[DEBUG]  Deflating res/anim/abc_fade_in.xml
[DEBUG]  Deflating res/anim/abc_fade_out.xml
[DEBUG]  Deflating res/anim/abc_grow_fade_in_from_bottom.xml
[DEBUG]  Deflating res/anim/abc_popup_enter.xml
[DEBUG]  Deflating res/anim/abc_popup_exit.xml
[DEBUG]  Deflating res/anim/abc_shrink_fade_out_from_bottom.xml
[DEBUG]  Deflating res/anim/abc_slide_in_bottom.xml
[DEBUG]  Deflating res/anim/abc_slide_in_top.xml
[DEBUG]  Deflating res/anim/abc_slide_out_bottom.xml
[DEBUG]  Deflating res/anim/abc_slide_out_top.xml
[DEBUG]  Deflating res/color-v11/abc_background_cache_hint_selector_material_dark.xml
[DEBUG]  Deflating res/color-v11/abc_background_cache_hint_selector_material_light.xml
[DEBUG]  Deflating res/color/abc_background_cache_hint_selector_material_dark.xml
[DEBUG]  Deflating res/color/abc_background_cache_hint_selector_material_light.xml
[DEBUG]  Deflating res/color/abc_primary_text_disable_only_material_dark.xml
[DEBUG]  Deflating res/color/abc_primary_text_disable_only_material_light.xml
[DEBUG]  Deflating res/color/abc_primary_text_material_dark.xml
[DEBUG]  Deflating res/color/abc_primary_text_material_light.xml
[DEBUG]  Deflating res/color/abc_search_url_text.xml
[DEBUG]  Deflating res/color/abc_secondary_text_material_dark.xml
[DEBUG]  Deflating res/color/abc_secondary_text_material_light.xml
[DEBUG]  Deflating res/color/switch_thumb_material_dark.xml
[DEBUG]  Deflating res/color/switch_thumb_material_light.xml
[DEBUG]  Adding res/drawable-hdpi-v4/abc_ab_share_pack_mtrl_alpha.9.png
[DEBUG]  Adding res/drawable-hdpi-v4/abc_btn_check_to_on_mtrl_000.png
[DEBUG]  Adding res/drawable-hdpi-v4/abc_btn_check_to_on_mtrl_015.png
[DEBUG]  Adding res/drawable-hdpi-v4/abc_btn_radio_to_on_mtrl_000.png
[DEBUG]  Adding res/drawable-hdpi-v4/abc_btn_radio_to_on_mtrl_015.png
[DEBUG]  Adding res/drawable-hdpi-v4/abc_btn_rating_star_off_mtrl_alpha.png
[DEBUG]  Adding res/drawable-hdpi-v4/abc_btn_rating_star_on_mtrl_alpha.png
[DEBUG]  Adding res/drawable-hdpi-v4/abc_btn_switch_to_on_mtrl_00001.9.png
[DEBUG]  Adding res/drawable-hdpi-v4/abc_btn_switch_to_on_mtrl_00012.9.png
[DEBUG]  Adding res/drawable-hdpi-v4/abc_cab_background_top_mtrl_alpha.9.png
[DEBUG]  Adding res/drawable-hdpi-v4/abc_ic_ab_back_mtrl_am_alpha.png
[DEBUG]  Adding res/drawable-hdpi-v4/abc_ic_clear_mtrl_alpha.png
[DEBUG]  Adding res/drawable-hdpi-v4/abc_ic_commit_search_api_mtrl_alpha.png
[DEBUG]  Adding res/drawable-hdpi-v4/abc_ic_go_search_api_mtrl_alpha.png
[DEBUG]  Adding res/drawable-hdpi-v4/abc_ic_menu_copy_mtrl_am_alpha.png
[DEBUG]  Adding res/drawable-hdpi-v4/abc_ic_menu_cut_mtrl_alpha.png
[DEBUG]  Adding res/drawable-hdpi-v4/abc_ic_menu_moreoverflow_mtrl_alpha.png
[DEBUG]  Adding res/drawable-hdpi-v4/abc_ic_menu_paste_mtrl_am_alpha.png
[DEBUG]  Adding res/drawable-hdpi-v4/abc_ic_menu_selectall_mtrl_alpha.png
[DEBUG]  Adding res/drawable-hdpi-v4/abc_ic_menu_share_mtrl_alpha.png
[DEBUG]  Adding res/drawable-hdpi-v4/abc_ic_search_api_mtrl_alpha.png
[DEBUG]  Adding res/drawable-hdpi-v4/abc_ic_voice_search_api_mtrl_alpha.png
[DEBUG]  Adding res/drawable-hdpi-v4/abc_list_divider_mtrl_alpha.9.png
[DEBUG]  Adding res/drawable-hdpi-v4/abc_list_focused_holo.9.png
[DEBUG]  Adding res/drawable-hdpi-v4/abc_list_longpressed_holo.9.png
[DEBUG]  Adding res/drawable-hdpi-v4/abc_list_pressed_holo_dark.9.png
[DEBUG]  Adding res/drawable-hdpi-v4/abc_list_pressed_holo_light.9.png
[DEBUG]  Adding res/drawable-hdpi-v4/abc_list_selector_disabled_holo_dark.9.png
[DEBUG]  Adding res/drawable-hdpi-v4/abc_list_selector_disabled_holo_light.9.png
[DEBUG]  Adding res/drawable-hdpi-v4/abc_menu_hardkey_panel_mtrl_mult.9.png
[DEBUG]  Adding res/drawable-hdpi-v4/abc_popup_background_mtrl_mult.9.png
[DEBUG]  Adding res/drawable-hdpi-v4/abc_spinner_mtrl_am_alpha.9.png
[DEBUG]  Adding res/drawable-hdpi-v4/abc_switch_track_mtrl_alpha.9.png
[DEBUG]  Adding res/drawable-hdpi-v4/abc_tab_indicator_mtrl_alpha.9.png
[DEBUG]  Adding res/drawable-hdpi-v4/abc_text_cursor_mtrl_alpha.9.png
[DEBUG]  Adding res/drawable-hdpi-v4/abc_textfield_activated_mtrl_alpha.9.png
[DEBUG]  Adding res/drawable-hdpi-v4/abc_textfield_default_mtrl_alpha.9.png
[DEBUG]  Adding res/drawable-hdpi-v4/abc_textfield_search_activated_mtrl_alpha.9.png
[DEBUG]  Adding res/drawable-hdpi-v4/abc_textfield_search_default_mtrl_alpha.9.png
[DEBUG]  Adding res/drawable-hdpi-v4/appicon.png
[DEBUG]  Adding res/drawable-ldpi-v4/appicon.png
[DEBUG]  Adding res/drawable-ldrtl-hdpi-v4/abc_ic_ab_back_mtrl_am_alpha.png
[DEBUG]  Adding res/drawable-ldrtl-hdpi-v4/abc_ic_menu_copy_mtrl_am_alpha.png
[DEBUG]  Adding res/drawable-ldrtl-hdpi-v4/abc_ic_menu_cut_mtrl_alpha.png
[DEBUG]  Adding res/drawable-ldrtl-hdpi-v4/abc_spinner_mtrl_am_alpha.9.png
[DEBUG]  Adding res/drawable-ldrtl-mdpi-v4/abc_ic_ab_back_mtrl_am_alpha.png
[DEBUG]  Adding res/drawable-ldrtl-mdpi-v4/abc_ic_menu_copy_mtrl_am_alpha.png
[DEBUG]  Adding res/drawable-ldrtl-mdpi-v4/abc_ic_menu_cut_mtrl_alpha.png
[DEBUG]  Adding res/drawable-ldrtl-mdpi-v4/abc_spinner_mtrl_am_alpha.9.png
[DEBUG]  Adding res/drawable-ldrtl-xhdpi-v4/abc_ic_ab_back_mtrl_am_alpha.png
[DEBUG]  Adding res/drawable-ldrtl-xhdpi-v4/abc_ic_menu_copy_mtrl_am_alpha.png
[DEBUG]  Adding res/drawable-ldrtl-xhdpi-v4/abc_ic_menu_cut_mtrl_alpha.png
[DEBUG]  Adding res/drawable-ldrtl-xhdpi-v4/abc_spinner_mtrl_am_alpha.9.png
[DEBUG]  Adding res/drawable-ldrtl-xxhdpi-v4/abc_ic_ab_back_mtrl_am_alpha.png
[DEBUG]  Adding res/drawable-ldrtl-xxhdpi-v4/abc_ic_menu_copy_mtrl_am_alpha.png
[DEBUG]  Adding res/drawable-ldrtl-xxhdpi-v4/abc_ic_menu_cut_mtrl_alpha.png
[DEBUG]  Adding res/drawable-ldrtl-xxhdpi-v4/abc_spinner_mtrl_am_alpha.9.png
[DEBUG]  Adding res/drawable-ldrtl-xxxhdpi-v4/abc_ic_ab_back_mtrl_am_alpha.png
[DEBUG]  Adding res/drawable-ldrtl-xxxhdpi-v4/abc_ic_menu_copy_mtrl_am_alpha.png
[DEBUG]  Adding res/drawable-ldrtl-xxxhdpi-v4/abc_ic_menu_cut_mtrl_alpha.png
[DEBUG]  Adding res/drawable-ldrtl-xxxhdpi-v4/abc_spinner_mtrl_am_alpha.9.png
[DEBUG]  Adding res/drawable-long-land-hdpi-v4/background.png
[DEBUG]  Adding res/drawable-long-land-ldpi-v4/background.png
[DEBUG]  Adding res/drawable-long-port-hdpi-v4/background.png
[DEBUG]  Adding res/drawable-long-port-ldpi-v4/background.png
[DEBUG]  Adding res/drawable-mdpi-v4/abc_ab_share_pack_mtrl_alpha.9.png
[DEBUG]  Adding res/drawable-mdpi-v4/abc_btn_check_to_on_mtrl_000.png
[DEBUG]  Adding res/drawable-mdpi-v4/abc_btn_check_to_on_mtrl_015.png
[DEBUG]  Adding res/drawable-mdpi-v4/abc_btn_radio_to_on_mtrl_000.png
[DEBUG]  Adding res/drawable-mdpi-v4/abc_btn_radio_to_on_mtrl_015.png
[DEBUG]  Adding res/drawable-mdpi-v4/abc_btn_rating_star_off_mtrl_alpha.png
[DEBUG]  Adding res/drawable-mdpi-v4/abc_btn_rating_star_on_mtrl_alpha.png
[DEBUG]  Adding res/drawable-mdpi-v4/abc_btn_switch_to_on_mtrl_00001.9.png
[DEBUG]  Adding res/drawable-mdpi-v4/abc_btn_switch_to_on_mtrl_00012.9.png
[DEBUG]  Adding res/drawable-mdpi-v4/abc_cab_background_top_mtrl_alpha.9.png
[DEBUG]  Adding res/drawable-mdpi-v4/abc_ic_ab_back_mtrl_am_alpha.png
[DEBUG]  Adding res/drawable-mdpi-v4/abc_ic_clear_mtrl_alpha.png
[DEBUG]  Adding res/drawable-mdpi-v4/abc_ic_commit_search_api_mtrl_alpha.png
[DEBUG]  Adding res/drawable-mdpi-v4/abc_ic_go_search_api_mtrl_alpha.png
[DEBUG]  Adding res/drawable-mdpi-v4/abc_ic_menu_copy_mtrl_am_alpha.png
[DEBUG]  Adding res/drawable-mdpi-v4/abc_ic_menu_cut_mtrl_alpha.png
[DEBUG]  Adding res/drawable-mdpi-v4/abc_ic_menu_moreoverflow_mtrl_alpha.png
[DEBUG]  Adding res/drawable-mdpi-v4/abc_ic_menu_paste_mtrl_am_alpha.png
[DEBUG]  Adding res/drawable-mdpi-v4/abc_ic_menu_selectall_mtrl_alpha.png
[DEBUG]  Adding res/drawable-mdpi-v4/abc_ic_menu_share_mtrl_alpha.png
[DEBUG]  Adding res/drawable-mdpi-v4/abc_ic_search_api_mtrl_alpha.png
[DEBUG]  Adding res/drawable-mdpi-v4/abc_ic_voice_search_api_mtrl_alpha.png
[DEBUG]  Adding res/drawable-mdpi-v4/abc_list_divider_mtrl_alpha.9.png
[DEBUG]  Adding res/drawable-mdpi-v4/abc_list_focused_holo.9.png
[DEBUG]  Adding res/drawable-mdpi-v4/abc_list_longpressed_holo.9.png
[DEBUG]  Adding res/drawable-mdpi-v4/abc_list_pressed_holo_dark.9.png
[DEBUG]  Adding res/drawable-mdpi-v4/abc_list_pressed_holo_light.9.png
[DEBUG]  Adding res/drawable-mdpi-v4/abc_list_selector_disabled_holo_dark.9.png
[DEBUG]  Adding res/drawable-mdpi-v4/abc_list_selector_disabled_holo_light.9.png
[DEBUG]  Adding res/drawable-mdpi-v4/abc_menu_hardkey_panel_mtrl_mult.9.png
[DEBUG]  Adding res/drawable-mdpi-v4/abc_popup_background_mtrl_mult.9.png
[DEBUG]  Adding res/drawable-mdpi-v4/abc_spinner_mtrl_am_alpha.9.png
[DEBUG]  Adding res/drawable-mdpi-v4/abc_switch_track_mtrl_alpha.9.png
[DEBUG]  Adding res/drawable-mdpi-v4/abc_tab_indicator_mtrl_alpha.9.png
[DEBUG]  Adding res/drawable-mdpi-v4/abc_text_cursor_mtrl_alpha.9.png
[DEBUG]  Adding res/drawable-mdpi-v4/abc_textfield_activated_mtrl_alpha.9.png
[DEBUG]  Adding res/drawable-mdpi-v4/abc_textfield_default_mtrl_alpha.9.png
[DEBUG]  Adding res/drawable-mdpi-v4/abc_textfield_search_activated_mtrl_alpha.9.png
[DEBUG]  Adding res/drawable-mdpi-v4/abc_textfield_search_default_mtrl_alpha.9.png
[DEBUG]  Adding res/drawable-mdpi-v4/appicon.png
[DEBUG]  Adding res/drawable-notlong-land-hdpi-v4/background.png
[DEBUG]  Adding res/drawable-notlong-land-ldpi-v4/background.png
[DEBUG]  Adding res/drawable-notlong-land-mdpi-v4/background.png
[DEBUG]  Adding res/drawable-notlong-port-hdpi-v4/background.png
[DEBUG]  Adding res/drawable-notlong-port-ldpi-v4/background.png
[DEBUG]  Adding res/drawable-notlong-port-mdpi-v4/background.png
[DEBUG]  Adding res/drawable-tvdpi-v4/abc_btn_switch_to_on_mtrl_00001.9.png
[DEBUG]  Adding res/drawable-tvdpi-v4/abc_btn_switch_to_on_mtrl_00012.9.png
[DEBUG]  Adding res/drawable-xhdpi-v4/abc_ab_share_pack_mtrl_alpha.9.png
[DEBUG]  Adding res/drawable-xhdpi-v4/abc_btn_check_to_on_mtrl_000.png
[DEBUG]  Adding res/drawable-xhdpi-v4/abc_btn_check_to_on_mtrl_015.png
[DEBUG]  Adding res/drawable-xhdpi-v4/abc_btn_radio_to_on_mtrl_000.png
[DEBUG]  Adding res/drawable-xhdpi-v4/abc_btn_radio_to_on_mtrl_015.png
[DEBUG]  Adding res/drawable-xhdpi-v4/abc_btn_rating_star_off_mtrl_alpha.png
[DEBUG]  Adding res/drawable-xhdpi-v4/abc_btn_rating_star_on_mtrl_alpha.png
[DEBUG]  Adding res/drawable-xhdpi-v4/abc_btn_switch_to_on_mtrl_00001.9.png
[DEBUG]  Adding res/drawable-xhdpi-v4/abc_btn_switch_to_on_mtrl_00012.9.png
[DEBUG]  Adding res/drawable-xhdpi-v4/abc_cab_background_top_mtrl_alpha.9.png
[DEBUG]  Adding res/drawable-xhdpi-v4/abc_ic_ab_back_mtrl_am_alpha.png
[DEBUG]  Adding res/drawable-xhdpi-v4/abc_ic_clear_mtrl_alpha.png
[DEBUG]  Adding res/drawable-xhdpi-v4/abc_ic_commit_search_api_mtrl_alpha.png
[DEBUG]  Adding res/drawable-xhdpi-v4/abc_ic_go_search_api_mtrl_alpha.png
[DEBUG]  Adding res/drawable-xhdpi-v4/abc_ic_menu_copy_mtrl_am_alpha.png
[DEBUG]  Adding res/drawable-xhdpi-v4/abc_ic_menu_cut_mtrl_alpha.png
[DEBUG]  Adding res/drawable-xhdpi-v4/abc_ic_menu_moreoverflow_mtrl_alpha.png
[DEBUG]  Adding res/drawable-xhdpi-v4/abc_ic_menu_paste_mtrl_am_alpha.png
[DEBUG]  Adding res/drawable-xhdpi-v4/abc_ic_menu_selectall_mtrl_alpha.png
[DEBUG]  Adding res/drawable-xhdpi-v4/abc_ic_menu_share_mtrl_alpha.png
[DEBUG]  Adding res/drawable-xhdpi-v4/abc_ic_search_api_mtrl_alpha.png
[DEBUG]  Adding res/drawable-xhdpi-v4/abc_ic_voice_search_api_mtrl_alpha.png
[DEBUG]  Adding res/drawable-xhdpi-v4/abc_list_divider_mtrl_alpha.9.png
[DEBUG]  Adding res/drawable-xhdpi-v4/abc_list_focused_holo.9.png
[DEBUG]  Adding res/drawable-xhdpi-v4/abc_list_longpressed_holo.9.png
[DEBUG]  Adding res/drawable-xhdpi-v4/abc_list_pressed_holo_dark.9.png
[DEBUG]  Adding res/drawable-xhdpi-v4/abc_list_pressed_holo_light.9.png
[DEBUG]  Adding res/drawable-xhdpi-v4/abc_list_selector_disabled_holo_dark.9.png
[DEBUG]  Adding res/drawable-xhdpi-v4/abc_list_selector_disabled_holo_light.9.png
[DEBUG]  Adding res/drawable-xhdpi-v4/abc_menu_hardkey_panel_mtrl_mult.9.png
[DEBUG]  Adding res/drawable-xhdpi-v4/abc_popup_background_mtrl_mult.9.png
[DEBUG]  Adding res/drawable-xhdpi-v4/abc_spinner_mtrl_am_alpha.9.png
[DEBUG]  Adding res/drawable-xhdpi-v4/abc_switch_track_mtrl_alpha.9.png
[DEBUG]  Adding res/drawable-xhdpi-v4/abc_tab_indicator_mtrl_alpha.9.png
[DEBUG]  Adding res/drawable-xhdpi-v4/abc_text_cursor_mtrl_alpha.9.png
[DEBUG]  Adding res/drawable-xhdpi-v4/abc_textfield_activated_mtrl_alpha.9.png
[DEBUG]  Adding res/drawable-xhdpi-v4/abc_textfield_default_mtrl_alpha.9.png
[DEBUG]  Adding res/drawable-xhdpi-v4/abc_textfield_search_activated_mtrl_alpha.9.png
[DEBUG]  Adding res/drawable-xhdpi-v4/abc_textfield_search_default_mtrl_alpha.9.png
[DEBUG]  Adding res/drawable-xhdpi-v4/appicon.png
[DEBUG]  Adding res/drawable-xxhdpi-v4/abc_ab_share_pack_mtrl_alpha.9.png
[DEBUG]  Adding res/drawable-xxhdpi-v4/abc_btn_check_to_on_mtrl_000.png
[DEBUG]  Adding res/drawable-xxhdpi-v4/abc_btn_check_to_on_mtrl_015.png
[DEBUG]  Adding res/drawable-xxhdpi-v4/abc_btn_radio_to_on_mtrl_000.png
[DEBUG]  Adding res/drawable-xxhdpi-v4/abc_btn_radio_to_on_mtrl_015.png
[DEBUG]  Adding res/drawable-xxhdpi-v4/abc_btn_rating_star_off_mtrl_alpha.png
[DEBUG]  Adding res/drawable-xxhdpi-v4/abc_btn_rating_star_on_mtrl_alpha.png
[DEBUG]  Adding res/drawable-xxhdpi-v4/abc_btn_switch_to_on_mtrl_00001.9.png
[DEBUG]  Adding res/drawable-xxhdpi-v4/abc_btn_switch_to_on_mtrl_00012.9.png
[DEBUG]  Adding res/drawable-xxhdpi-v4/abc_cab_background_top_mtrl_alpha.9.png
[DEBUG]  Adding res/drawable-xxhdpi-v4/abc_ic_ab_back_mtrl_am_alpha.png
[DEBUG]  Adding res/drawable-xxhdpi-v4/abc_ic_clear_mtrl_alpha.png
[DEBUG]  Adding res/drawable-xxhdpi-v4/abc_ic_commit_search_api_mtrl_alpha.png
[DEBUG]  Adding res/drawable-xxhdpi-v4/abc_ic_go_search_api_mtrl_alpha.png
[DEBUG]  Adding res/drawable-xxhdpi-v4/abc_ic_menu_copy_mtrl_am_alpha.png
[DEBUG]  Adding res/drawable-xxhdpi-v4/abc_ic_menu_cut_mtrl_alpha.png
[DEBUG]  Adding res/drawable-xxhdpi-v4/abc_ic_menu_moreoverflow_mtrl_alpha.png
[DEBUG]  Adding res/drawable-xxhdpi-v4/abc_ic_menu_paste_mtrl_am_alpha.png
[DEBUG]  Adding res/drawable-xxhdpi-v4/abc_ic_menu_selectall_mtrl_alpha.png
[DEBUG]  Adding res/drawable-xxhdpi-v4/abc_ic_menu_share_mtrl_alpha.png
[DEBUG]  Adding res/drawable-xxhdpi-v4/abc_ic_search_api_mtrl_alpha.png
[DEBUG]  Adding res/drawable-xxhdpi-v4/abc_ic_voice_search_api_mtrl_alpha.png
[DEBUG]  Adding res/drawable-xxhdpi-v4/abc_list_divider_mtrl_alpha.9.png
[DEBUG]  Adding res/drawable-xxhdpi-v4/abc_list_focused_holo.9.png
[DEBUG]  Adding res/drawable-xxhdpi-v4/abc_list_longpressed_holo.9.png
[DEBUG]  Adding res/drawable-xxhdpi-v4/abc_list_pressed_holo_dark.9.png
[DEBUG]  Adding res/drawable-xxhdpi-v4/abc_list_pressed_holo_light.9.png
[DEBUG]  Adding res/drawable-xxhdpi-v4/abc_list_selector_disabled_holo_dark.9.png
[DEBUG]  Adding res/drawable-xxhdpi-v4/abc_list_selector_disabled_holo_light.9.png
[DEBUG]  Adding res/drawable-xxhdpi-v4/abc_menu_hardkey_panel_mtrl_mult.9.png
[DEBUG]  Adding res/drawable-xxhdpi-v4/abc_popup_background_mtrl_mult.9.png
[DEBUG]  Adding res/drawable-xxhdpi-v4/abc_spinner_mtrl_am_alpha.9.png
[DEBUG]  Adding res/drawable-xxhdpi-v4/abc_switch_track_mtrl_alpha.9.png
[DEBUG]  Adding res/drawable-xxhdpi-v4/abc_tab_indicator_mtrl_alpha.9.png
[DEBUG]  Adding res/drawable-xxhdpi-v4/abc_text_cursor_mtrl_alpha.9.png
[DEBUG]  Adding res/drawable-xxhdpi-v4/abc_textfield_activated_mtrl_alpha.9.png
[DEBUG]  Adding res/drawable-xxhdpi-v4/abc_textfield_default_mtrl_alpha.9.png
[DEBUG]  Adding res/drawable-xxhdpi-v4/abc_textfield_search_activated_mtrl_alpha.9.png
[DEBUG]  Adding res/drawable-xxhdpi-v4/abc_textfield_search_default_mtrl_alpha.9.png
[DEBUG]  Adding res/drawable-xxhdpi-v4/appicon.png
[DEBUG]  Adding res/drawable-xxxhdpi-v4/abc_btn_check_to_on_mtrl_000.png
[DEBUG]  Adding res/drawable-xxxhdpi-v4/abc_btn_check_to_on_mtrl_015.png
[DEBUG]  Adding res/drawable-xxxhdpi-v4/abc_btn_radio_to_on_mtrl_000.png
[DEBUG]  Adding res/drawable-xxxhdpi-v4/abc_btn_radio_to_on_mtrl_015.png
[DEBUG]  Adding res/drawable-xxxhdpi-v4/abc_btn_switch_to_on_mtrl_00001.9.png
[DEBUG]  Adding res/drawable-xxxhdpi-v4/abc_btn_switch_to_on_mtrl_00012.9.png
[DEBUG]  Adding res/drawable-xxxhdpi-v4/abc_ic_ab_back_mtrl_am_alpha.png
[DEBUG]  Adding res/drawable-xxxhdpi-v4/abc_ic_clear_mtrl_alpha.png
[DEBUG]  Adding res/drawable-xxxhdpi-v4/abc_ic_menu_copy_mtrl_am_alpha.png
[DEBUG]  Adding res/drawable-xxxhdpi-v4/abc_ic_menu_cut_mtrl_alpha.png
[DEBUG]  Adding res/drawable-xxxhdpi-v4/abc_ic_menu_moreoverflow_mtrl_alpha.png
[DEBUG]  Adding res/drawable-xxxhdpi-v4/abc_ic_menu_paste_mtrl_am_alpha.png
[DEBUG]  Adding res/drawable-xxxhdpi-v4/abc_ic_menu_selectall_mtrl_alpha.png
[DEBUG]  Adding res/drawable-xxxhdpi-v4/abc_ic_menu_share_mtrl_alpha.png
[DEBUG]  Adding res/drawable-xxxhdpi-v4/abc_ic_search_api_mtrl_alpha.png
[DEBUG]  Adding res/drawable-xxxhdpi-v4/abc_ic_voice_search_api_mtrl_alpha.png
[DEBUG]  Adding res/drawable-xxxhdpi-v4/abc_spinner_mtrl_am_alpha.9.png
[DEBUG]  Adding res/drawable-xxxhdpi-v4/abc_switch_track_mtrl_alpha.9.png
[DEBUG]  Adding res/drawable-xxxhdpi-v4/abc_tab_indicator_mtrl_alpha.9.png
[DEBUG]  Adding res/drawable-xxxhdpi-v4/appicon.png
[DEBUG]  Deflating res/drawable/abc_btn_borderless_material.xml
[DEBUG]  Deflating res/drawable/abc_btn_check_material.xml
[DEBUG]  Deflating res/drawable/abc_btn_default_mtrl_shape.xml
[DEBUG]  Deflating res/drawable/abc_btn_radio_material.xml
[DEBUG]  Deflating res/drawable/abc_cab_background_internal_bg.xml
[DEBUG]  Deflating res/drawable/abc_cab_background_top_material.xml
[DEBUG]  Deflating res/drawable/abc_dialog_material_background_dark.xml
[DEBUG]  Deflating res/drawable/abc_dialog_material_background_light.xml
[DEBUG]  Deflating res/drawable/abc_edit_text_material.xml
[DEBUG]  Deflating res/drawable/abc_item_background_holo_dark.xml
[DEBUG]  Deflating res/drawable/abc_item_background_holo_light.xml
[DEBUG]  Deflating res/drawable/abc_list_selector_background_transition_holo_dark.xml
[DEBUG]  Deflating res/drawable/abc_list_selector_background_transition_holo_light.xml
[DEBUG]  Deflating res/drawable/abc_list_selector_holo_dark.xml
[DEBUG]  Deflating res/drawable/abc_list_selector_holo_light.xml
[DEBUG]  Deflating res/drawable/abc_ratingbar_full_material.xml
[DEBUG]  Deflating res/drawable/abc_spinner_textfield_background_material.xml
[DEBUG]  Deflating res/drawable/abc_switch_thumb_material.xml
[DEBUG]  Deflating res/drawable/abc_tab_indicator_material.xml
[DEBUG]  Deflating res/drawable/abc_textfield_search_material.xml
[DEBUG]  Adding res/drawable/appicon.png
[DEBUG]  Adding res/drawable/background.png
[DEBUG]  Adding res/drawable/btn_check_buttonless_on_64.png
[DEBUG]  Adding res/drawable/btn_more_64.png
[DEBUG]  Adding res/drawable/disclosure_64.png
[DEBUG]  Deflating res/layout-v11/abc_screen_content_include.xml
[DEBUG]  Deflating res/layout-v17/abc_alert_dialog_material.xml
[DEBUG]  Deflating res/layout-v17/abc_dialog_title_material.xml
[DEBUG]  Deflating res/layout-v17/abc_search_view.xml
[DEBUG]  Deflating res/layout-v21/abc_screen_toolbar.xml
[DEBUG]  Deflating res/layout-v21/titanium_ui_date_picker_spinner.xml
[DEBUG]  Deflating res/layout-v21/titanium_ui_time_picker_spinner.xml
[DEBUG]  Deflating res/layout/abc_action_bar_title_item.xml
[DEBUG]  Deflating res/layout/abc_action_bar_up_container.xml
[DEBUG]  Deflating res/layout/abc_action_bar_view_list_nav_layout.xml
[DEBUG]  Deflating res/layout/abc_action_menu_item_layout.xml
[DEBUG]  Deflating res/layout/abc_action_menu_layout.xml
[DEBUG]  Deflating res/layout/abc_action_mode_bar.xml
[DEBUG]  Deflating res/layout/abc_action_mode_close_item_material.xml
[DEBUG]  Deflating res/layout/abc_activity_chooser_view.xml
[DEBUG]  Deflating res/layout/abc_activity_chooser_view_list_item.xml
[DEBUG]  Deflating res/layout/abc_alert_dialog_material.xml
[DEBUG]  Deflating res/layout/abc_dialog_title_material.xml
[DEBUG]  Deflating res/layout/abc_expanded_menu_layout.xml
[DEBUG]  Deflating res/layout/abc_list_menu_item_checkbox.xml
[DEBUG]  Deflating res/layout/abc_list_menu_item_icon.xml
[DEBUG]  Deflating res/layout/abc_list_menu_item_layout.xml
[DEBUG]  Deflating res/layout/abc_list_menu_item_radio.xml
[DEBUG]  Deflating res/layout/abc_popup_menu_item_layout.xml
[DEBUG]  Deflating res/layout/abc_screen_content_include.xml
[DEBUG]  Deflating res/layout/abc_screen_simple.xml
[DEBUG]  Deflating res/layout/abc_screen_simple_overlay_action_mode.xml
[DEBUG]  Deflating res/layout/abc_screen_toolbar.xml
[DEBUG]  Deflating res/layout/abc_search_dropdown_item_icons_2line.xml
[DEBUG]  Deflating res/layout/abc_search_view.xml
[DEBUG]  Deflating res/layout/abc_select_dialog_material.xml
[DEBUG]  Deflating res/layout/abc_simple_dropdown_hint.xml
[DEBUG]  Deflating res/layout/select_dialog_item_material.xml
[DEBUG]  Deflating res/layout/select_dialog_multichoice_material.xml
[DEBUG]  Deflating res/layout/select_dialog_singlechoice_material.xml
[DEBUG]  Deflating res/layout/support_simple_spinner_dropdown_item.xml
[DEBUG]  Deflating res/layout/titanium_tabgroup.xml
[DEBUG]  Deflating res/layout/titanium_ui_checkbox.xml
[DEBUG]  Deflating res/layout/titanium_ui_date_picker_spinner.xml
[DEBUG]  Deflating res/layout/titanium_ui_edittext.xml
[DEBUG]  Deflating res/layout/titanium_ui_list_header_or_footer.xml
[DEBUG]  Deflating res/layout/titanium_ui_list_item.xml
[DEBUG]  Deflating res/layout/titanium_ui_spinner.xml
[DEBUG]  Deflating res/layout/titanium_ui_switchcompat.xml
[DEBUG]  Deflating res/layout/titanium_ui_time_picker_spinner.xml
[DEBUG]  Deflating resources.arsc
[DEBUG]  Processing /Users/ShaniX/Library/Application Support/Titanium/mobilesdk/osx/5.0.2.GA/android/kroll-v8.jar
[DEBUG]  Processing /Users/ShaniX/Library/Application Support/Titanium/mobilesdk/osx/5.0.2.GA/android/modules/titanium-analytics.jar
[DEBUG]  Processing /Users/ShaniX/Library/Application Support/Titanium/mobilesdk/osx/5.0.2.GA/android/aps-analytics.jar
[DEBUG]  Processing /Users/ShaniX/Library/Application Support/Titanium/mobilesdk/osx/5.0.2.GA/android/modules/titanium-android.jar
[DEBUG]  Processing /Users/ShaniX/Library/Application Support/Titanium/mobilesdk/osx/5.0.2.GA/android/jaxen-1.1.1.jar
[DEBUG]  Processing /Users/ShaniX/Library/Application Support/Titanium/mobilesdk/osx/5.0.2.GA/android/ti-commons-codec-1.3.jar
[DEBUG]  Processing /Users/ShaniX/Library/Application Support/Titanium/mobilesdk/osx/5.0.2.GA/android/kroll-common.jar
[DEBUG]  Processing /Users/ShaniX/Library/Application Support/Titanium/mobilesdk/osx/5.0.2.GA/android/titanium.jar
[DEBUG]  Deflating org/appcelerator/titanium/build.properties
[DEBUG]  Adding org/appcelerator/titanium/res/drawable/background.png
[DEBUG]  Adding org/appcelerator/titanium/res/drawable/btn_check_buttonless_on.png
[DEBUG]  Adding org/appcelerator/titanium/res/drawable/btn_check_buttonless_on_100.png
[DEBUG]  Adding org/appcelerator/titanium/res/drawable/btn_check_buttonless_on_18.png
[DEBUG]  Adding org/appcelerator/titanium/res/drawable/btn_check_buttonless_on_48.png
[DEBUG]  Adding org/appcelerator/titanium/res/drawable/btn_check_buttonless_on_64.png
[DEBUG]  Adding org/appcelerator/titanium/res/drawable/btn_more.png
[DEBUG]  Adding org/appcelerator/titanium/res/drawable/btn_more_100.png
[DEBUG]  Adding org/appcelerator/titanium/res/drawable/btn_more_18.png
[DEBUG]  Adding org/appcelerator/titanium/res/drawable/btn_more_48.png
[DEBUG]  Adding org/appcelerator/titanium/res/drawable/btn_more_64.png
[DEBUG]  Adding org/appcelerator/titanium/res/drawable/btn_picker_normal.9.png
[DEBUG]  Adding org/appcelerator/titanium/res/drawable/btn_picker_pressed.9.png
[DEBUG]  Adding org/appcelerator/titanium/res/drawable/btn_picker_selected.9.png
[DEBUG]  Adding org/appcelerator/titanium/res/drawable/default_icon.png
[DEBUG]  Adding org/appcelerator/titanium/res/drawable/photoDefault.png
[DEBUG]  Processing /Users/ShaniX/Library/Application Support/Titanium/mobilesdk/osx/5.0.2.GA/android/modules/titanium-app.jar
[DEBUG]  Processing /Users/ShaniX/Library/Application Support/Titanium/mobilesdk/osx/5.0.2.GA/android/modules/titanium-ui.jar
[DEBUG]  Deflating ti/modules/titanium/ui/widget/webview/binding.js
[DEBUG]  Deflating ti/modules/titanium/ui/widget/webview/binding.min.js
[DEBUG]  Deflating ti/modules/titanium/ui/widget/webview/json2.js
[DEBUG]  Deflating ti/modules/titanium/ui/widget/webview/polling.js
[DEBUG]  Deflating ti/modules/titanium/ui/widget/webview/polling.min.js
[DEBUG]  Processing /Users/ShaniX/Library/Application Support/Titanium/mobilesdk/osx/5.0.2.GA/android/nineoldandroids-appc-2.4.0.jar
[DEBUG]  Processing /Users/ShaniX/Library/Application Support/Titanium/mobilesdk/osx/5.0.2.GA/android/modules/titanium-filesystem.jar
[DEBUG]  Processing /Users/ShaniX/Library/Application Support/Titanium/mobilesdk/osx/5.0.2.GA/android/modules/titanium-media.jar
[DEBUG]  Processing /Users/ShaniX/Library/Application Support/Titanium/mobilesdk/osx/5.0.2.GA/android/modules/titanium-appcompat.jar
[DEBUG]  Processing /Users/ShaniX/Library/Application Support/Titanium/mobilesdk/osx/5.0.2.GA/android/android-support-v4.jar
[DEBUG]  Processing /Users/ShaniX/Library/Application Support/Titanium/mobilesdk/osx/5.0.2.GA/android/android-support-v7-appcompat.jar
[DEBUG]  Processing /Users/ShaniX/Library/Application Support/Titanium/mobilesdk/osx/5.0.2.GA/android/modules/titanium-locale.jar
[DEBUG]  Processing /Users/ShaniX/Library/Application Support/Titanium/mobilesdk/osx/5.0.2.GA/android/modules/titanium-network.jar
[DEBUG]  Processing /Users/ShaniX/Library/Application Support/Titanium/mobilesdk/osx/5.0.2.GA/android/modules/titanium-xml.jar
[DEBUG]  Processing /Users/ShaniX/Library/Application Support/Titanium/mobilesdk/osx/5.0.2.GA/android/modules/titanium-utils.jar
[DEBUG]  Processing /Users/ShaniX/Library/Application Support/Titanium/mobilesdk/osx/5.0.2.GA/android/modules/titanium-geolocation.jar
[DEBUG]  Processing /Users/ShaniX/Library/Application Support/Titanium/mobilesdk/osx/5.0.2.GA/android/modules/titanium-accelerometer.jar
[DEBUG]  Processing /Users/ShaniX/Library/Application Support/Titanium/mobilesdk/osx/5.0.2.GA/android/modules/titanium-contacts.jar
[DEBUG]  Processing /Users/ShaniX/Library/Application Support/Titanium/mobilesdk/osx/5.0.2.GA/android/modules/titanium-map.jar
[DEBUG]  Processing /Users/ShaniX/Library/Application Support/Titanium/mobilesdk/osx/5.0.2.GA/android/modules/titanium-gesture.jar
[DEBUG]  Processing /Users/ShaniX/Library/Application Support/Titanium/mobilesdk/osx/5.0.2.GA/android/modules/titanium-calendar.jar
[DEBUG]  Processing /Users/ShaniX/Library/Application Support/Titanium/mobilesdk/osx/5.0.2.GA/android/modules/titanium-platform.jar
[DEBUG]  Processing /Users/ShaniX/Library/Application Support/Titanium/mobilesdk/osx/5.0.2.GA/android/modules/titanium-database.jar
[DEBUG]  Adding classes.dex
[INFO]   Processing /Users/ShaniX/Desktop/myfoot/build/android/src
[DEBUG]  Adding lib/armeabi/libkroll-v8.so
[DEBUG]  Adding lib/armeabi/libstlport_shared.so
[DEBUG]  Adding lib/armeabi/libtiverify.so
[DEBUG]  Adding lib/armeabi-v7a/libkroll-v8.so
[DEBUG]  Adding lib/armeabi-v7a/libstlport_shared.so
[DEBUG]  Adding lib/armeabi-v7a/libtiverify.so
[DEBUG]  Adding lib/x86/libkroll-v8.so
[DEBUG]  Adding lib/x86/libstlport_shared.so
[DEBUG]  Adding lib/x86/libtiverify.so
[INFO]   Writing unsigned apk: /Users/ShaniX/Desktop/myfoot/build/android/bin/app-unsigned.apk
[INFO]   Using MD5withRSA signature algorithm
[INFO]   Signing apk: /Library/Java/JavaVirtualMachines/jdk1.7.0_79.jdk/Contents/Home/bin/jarsigner "-sigalg" "MD5withRSA" "-digestalg" "SHA1" "-keystore" "/Users/ShaniX/Library/Application Support/Titanium/mobilesdk/osx/5.0.2.GA/android/dev_keystore" "-storepass" "*******" "-signedjar" "/Users/ShaniX/Desktop/myfoot/build/android/bin/myfoot.apk" "/Users/ShaniX/Desktop/myfoot/build/android/bin/app-unsigned.apk" "tidev"
[INFO]   Aligning zip file: /Users/ShaniX/android-sdk-macosx/build-tools/22.0.1/zipalign "-v" "4" "/Users/ShaniX/Desktop/myfoot/build/android/bin/myfoot.apk" "/Users/ShaniX/Desktop/myfoot/build/android/bin/myfoot.apkz"
[INFO]   Writing build manifest: /Users/ShaniX/Desktop/myfoot/build/android/build-manifest.json
[INFO]   Making sure the adb server is running
[INFO]   Installing apk: /Users/ShaniX/Desktop/myfoot/build/android/bin/myfoot.apk
[TRACE]  Checking if package manager service is started
[TRACE]  Package manager has started
[TRACE]  Executing: /Users/ShaniX/android-sdk-macosx/platform-tools/adb -s 192.168.58.101:5555 install -r /Users/ShaniX/Desktop/myfoot/build/android/bin/myfoot.apk
[INFO]   App successfully installed
[INFO]   Starting app: com.myfoot/.MyfootActivity
[DEBUG]  Trying to start the app...
[INFO]   Application pid: 1370
[INFO]   Project built successfully in 45s 601ms
